Inbound agent connected from 172.17.0.1
Remoting version: 3309.v27b_9314fd1a_4
Launcher: JNLPLauncher
Communication Protocol: WebSocket
This is a Unix agent
Agent successfully connected and online
ERROR: Connection terminated
java.nio.channels.ClosedChannelException
	at jenkins.agents.WebSocketAgents$Session.closed(WebSocketAgents.java:166)
	at jenkins.websocket.WebSockets$2.onWebSocketClose(WebSockets.java:105)
	at jenkins.websocket.WebSockets$2.onWebSocketError(WebSockets.java:111)
	at jenkins.websocket.Jetty12EE9Provider$2.onWebSocketError(Jetty12EE9Provider.java:176)
	at Jenkins Main ClassLoader//org.eclipse.jetty.ee9.websocket.common.JettyWebSocketFrameHandler.onError(JettyWebSocketFrameHandler.java:245)
	at Jenkins Main ClassLoader//org.eclipse.jetty.websocket.core.WebSocketCoreSession.lambda$closeConnection$2(WebSocketCoreSession.java:262)
	at Jenkins Main ClassLoader//org.eclipse.jetty.server.handler.ContextHandler$ScopedContext.run(ContextHandler.java:1524)
	at Jenkins Main ClassLoader//org.eclipse.jetty.server.handler.ContextHandler$ScopedContext.run(ContextHandler.java:1511)
	at Jenkins Main ClassLoader//org.eclipse.jetty.websocket.core.server.internal.AbstractHandshaker$1.handle(AbstractHandshaker.java:179)
	at Jenkins Main ClassLoader//org.eclipse.jetty.websocket.core.WebSocketCoreSession.closeConnection(WebSocketCoreSession.java:262)
	at Jenkins Main ClassLoader//org.eclipse.jetty.websocket.core.WebSocketCoreSession.onEof(WebSocketCoreSession.java:232)
	at Jenkins Main ClassLoader//org.eclipse.jetty.websocket.core.WebSocketConnection.fillAndParse(WebSocketConnection.java:475)
	at Jenkins Main ClassLoader//org.eclipse.jetty.websocket.core.WebSocketConnection.onFillable(WebSocketConnection.java:333)
	at Jenkins Main ClassLoader//org.eclipse.jetty.io.AbstractConnection$ReadCallback.succeeded(AbstractConnection.java:322)
	at Jenkins Main ClassLoader//org.eclipse.jetty.io.FillInterest.fillable(FillInterest.java:99)
	at Jenkins Main ClassLoader//org.eclipse.jetty.io.SelectableChannelEndPoint$1.run(SelectableChannelEndPoint.java:53)
	at Jenkins Main ClassLoader//org.eclipse.jetty.util.thread.strategy.AdaptiveExecutionStrategy.runTask(AdaptiveExecutionStrategy.java:480)
	at Jenkins Main ClassLoader//org.eclipse.jetty.util.thread.strategy.AdaptiveExecutionStrategy.consumeTask(AdaptiveExecutionStrategy.java:443)
	at Jenkins Main ClassLoader//org.eclipse.jetty.util.thread.strategy.AdaptiveExecutionStrategy.tryProduce(AdaptiveExecutionStrategy.java:293)
	at Jenkins Main ClassLoader//org.eclipse.jetty.util.thread.strategy.AdaptiveExecutionStrategy.run(AdaptiveExecutionStrategy.java:201)
	at Jenkins Main ClassLoader//org.eclipse.jetty.util.thread.ReservedThreadExecutor$ReservedThread.run(ReservedThreadExecutor.java:311)
	at Jenkins Main ClassLoader//org.eclipse.jetty.util.thread.QueuedThreadPool.runJob(QueuedThreadPool.java:981)
	at Jenkins Main ClassLoader//org.eclipse.jetty.util.thread.QueuedThreadPool$Runner.doRunJob(QueuedThreadPool.java:1211)
	at Jenkins Main ClassLoader//org.eclipse.jetty.util.thread.QueuedThreadPool$Runner.run(QueuedThreadPool.java:1166)
	at java.base/java.lang.Thread.run(Unknown Source)
ERROR: Connection terminated
java.nio.channels.ClosedChannelException
	at jenkins.agents.WebSocketAgents$Session.closed(WebSocketAgents.java:166)
	at jenkins.websocket.WebSockets$2.onWebSocketClose(WebSockets.java:105)
	at jenkins.websocket.Jetty12EE9Provider$2.onWebSocketClose(Jetty12EE9Provider.java:166)
	at Jenkins Main ClassLoader//org.eclipse.jetty.ee9.websocket.common.JettyWebSocketFrameHandler.notifyOnClose(JettyWebSocketFrameHandler.java:306)
	at Jenkins Main ClassLoader//org.eclipse.jetty.ee9.websocket.common.JettyWebSocketFrameHandler.onClosed(JettyWebSocketFrameHandler.java:290)
	at Jenkins Main ClassLoader//org.eclipse.jetty.websocket.core.WebSocketCoreSession.lambda$closeConnection$0(WebSocketCoreSession.java:250)
	at Jenkins Main ClassLoader//org.eclipse.jetty.server.handler.ContextHandler$ScopedContext.run(ContextHandler.java:1518)
	at Jenkins Main ClassLoader//org.eclipse.jetty.server.handler.ContextHandler$ScopedContext.run(ContextHandler.java:1511)
	at Jenkins Main ClassLoader//org.eclipse.jetty.websocket.core.server.internal.AbstractHandshaker$1.handle(AbstractHandshaker.java:179)
	at Jenkins Main ClassLoader//org.eclipse.jetty.websocket.core.WebSocketCoreSession.lambda$closeConnection$1(WebSocketCoreSession.java:250)
	at Jenkins Main ClassLoader//org.eclipse.jetty.util.Callback$4.completed(Callback.java:227)
	at Jenkins Main ClassLoader//org.eclipse.jetty.util.Callback$Completing.succeeded(Callback.java:384)
	at Jenkins Main ClassLoader//org.eclipse.jetty.ee9.websocket.common.JettyWebSocketFrameHandler.onError(JettyWebSocketFrameHandler.java:253)
	at Jenkins Main ClassLoader//org.eclipse.jetty.websocket.core.WebSocketCoreSession.lambda$closeConnection$2(WebSocketCoreSession.java:262)
	at Jenkins Main ClassLoader//org.eclipse.jetty.server.handler.ContextHandler$ScopedContext.run(ContextHandler.java:1524)
	at Jenkins Main ClassLoader//org.eclipse.jetty.server.handler.ContextHandler$ScopedContext.run(ContextHandler.java:1511)
	at Jenkins Main ClassLoader//org.eclipse.jetty.websocket.core.server.internal.AbstractHandshaker$1.handle(AbstractHandshaker.java:179)
	at Jenkins Main ClassLoader//org.eclipse.jetty.websocket.core.WebSocketCoreSession.closeConnection(WebSocketCoreSession.java:262)
	at Jenkins Main ClassLoader//org.eclipse.jetty.websocket.core.WebSocketCoreSession.onEof(WebSocketCoreSession.java:232)
	at Jenkins Main ClassLoader//org.eclipse.jetty.websocket.core.WebSocketConnection.fillAndParse(WebSocketConnection.java:475)
	at Jenkins Main ClassLoader//org.eclipse.jetty.websocket.core.WebSocketConnection.onFillable(WebSocketConnection.java:333)
	at Jenkins Main ClassLoader//org.eclipse.jetty.io.AbstractConnection$ReadCallback.succeeded(AbstractConnection.java:322)
	at Jenkins Main ClassLoader//org.eclipse.jetty.io.FillInterest.fillable(FillInterest.java:99)
	at Jenkins Main ClassLoader//org.eclipse.jetty.io.SelectableChannelEndPoint$1.run(SelectableChannelEndPoint.java:53)
	at Jenkins Main ClassLoader//org.eclipse.jetty.util.thread.strategy.AdaptiveExecutionStrategy.runTask(AdaptiveExecutionStrategy.java:480)
	at Jenkins Main ClassLoader//org.eclipse.jetty.util.thread.strategy.AdaptiveExecutionStrategy.consumeTask(AdaptiveExecutionStrategy.java:443)
	at Jenkins Main ClassLoader//org.eclipse.jetty.util.thread.strategy.AdaptiveExecutionStrategy.tryProduce(AdaptiveExecutionStrategy.java:293)
	at Jenkins Main ClassLoader//org.eclipse.jetty.util.thread.strategy.AdaptiveExecutionStrategy.run(AdaptiveExecutionStrategy.java:201)
	at Jenkins Main ClassLoader//org.eclipse.jetty.util.thread.ReservedThreadExecutor$ReservedThread.run(ReservedThreadExecutor.java:311)
	at Jenkins Main ClassLoader//org.eclipse.jetty.util.thread.QueuedThreadPool.runJob(QueuedThreadPool.java:981)
	at Jenkins Main ClassLoader//org.eclipse.jetty.util.thread.QueuedThreadPool$Runner.doRunJob(QueuedThreadPool.java:1211)
	at Jenkins Main ClassLoader//org.eclipse.jetty.util.thread.QueuedThreadPool$Runner.run(QueuedThreadPool.java:1166)
	at java.base/java.lang.Thread.run(Unknown Source)
